<?xml version="1.0" encoding="UTF-8"?>
<coverage generated="1655748876078" clover="3.2.0">
  <project timestamp="1655748876078" name="All files">
    <metrics statements="18" coveredstatements="16" conditionals="4" coveredconditionals="3" methods="12" coveredmethods="11" elements="34" coveredelements="30" complexity="0" loc="18" ncloc="18" packages="1" files="2" classes="2"/>
    <file name="person-service.js" path="/Users/bthero/Documents/projects/baibolov-temirlan-hs/person-service.js">
      <metrics statements="12" coveredstatements="10" conditionals="4" coveredconditionals="3" methods="8" coveredmethods="7"/>
      <line num="1" count="1" type="stmt"/>
      <line num="5" count="1" type="stmt"/>
      <line num="10" count="17" type="stmt"/>
      <line num="15" count="3" type="stmt"/>
      <line num="16" count="3" type="cond" truecount="2" falsecount="0"/>
      <line num="21" count="0" type="stmt"/>
      <line num="26" count="2" type="stmt"/>
      <line num="34" count="7" type="stmt"/>
      <line num="36" count="7" type="cond" truecount="1" falsecount="1"/>
      <line num="37" count="7" type="stmt"/>
      <line num="39" count="0" type="stmt"/>
      <line num="44" count="1" type="stmt"/>
    </file>
    <file name="person.js" path="/Users/bthero/Documents/projects/baibolov-temirlan-hs/person.js">
      <metrics statements="6" coveredstatements="6" conditionals="0" coveredconditionals="0" methods="4" coveredmethods="4"/>
      <line num="3" count="12" type="stmt"/>
      <line num="4" count="12" type="stmt"/>
      <line num="7" count="2" type="stmt"/>
      <line num="10" count="27" type="stmt"/>
      <line num="13" count="1" type="stmt"/>
      <line num="17" count="2" type="stmt"/>
    </file>
  </project>
</coverage>
