{"/Users/bthero/Documents/projects/baibolov-temirlan-hs/person-service.js": {"path":"/Users/bthero/Documents/projects/baibolov-temirlan-hs/person-service.js","statementMap":{"0":{"start":{"line":1,"column":15},"end":{"line":1,"column":34}},"1":{"start":{"line":5,"column":2},"end":{"line":5,"column":20}},"2":{"start":{"line":10,"column":2},"end":{"line":10,"column":66}},"3":{"start":{"line":10,"column":44},"end":{"line":10,"column":64}},"4":{"start":{"line":15,"column":14},"end":{"line":15,"column":39}},"5":{"start":{"line":16,"column":2},"end":{"line":16,"column":52}},"6":{"start":{"line":21,"column":2},"end":{"line":21,"column":22}},"7":{"start":{"line":26,"column":2},"end":{"line":26,"column":71}},"8":{"start":{"line":26,"column":49},"end":{"line":26,"column":69}},"9":{"start":{"line":34,"column":14},"end":{"line":34,"column":46}},"10":{"start":{"line":36,"column":2},"end":{"line":40,"column":3}},"11":{"start":{"line":37,"column":3},"end":{"line":37,"column":29}},"12":{"start":{"line":39,"column":3},"end":{"line":39,"column":30}},"13":{"start":{"line":44,"column":0},"end":{"line":44,"column":31}}},"fnMap":{"0":{"name":"(anonymous_0)","decl":{"start":{"line":4,"column":1},"end":{"line":4,"column":2}},"loc":{"start":{"line":4,"column":15},"end":{"line":6,"column":2}},"line":4},"1":{"name":"(anonymous_1)","decl":{"start":{"line":8,"column":1},"end":{"line":8,"column":2}},"loc":{"start":{"line":8,"column":22},"end":{"line":11,"column":2}},"line":8},"2":{"name":"(anonymous_2)","decl":{"start":{"line":10,"column":32},"end":{"line":10,"column":33}},"loc":{"start":{"line":10,"column":44},"end":{"line":10,"column":64}},"line":10},"3":{"name":"(anonymous_3)","decl":{"start":{"line":13,"column":1},"end":{"line":13,"column":2}},"loc":{"start":{"line":13,"column":17},"end":{"line":17,"column":2}},"line":13},"4":{"name":"(anonymous_4)","decl":{"start":{"line":19,"column":1},"end":{"line":19,"column":2}},"loc":{"start":{"line":19,"column":10},"end":{"line":22,"column":2}},"line":19},"5":{"name":"(anonymous_5)","decl":{"start":{"line":24,"column":1},"end":{"line":24,"column":2}},"loc":{"start":{"line":24,"column":20},"end":{"line":27,"column":2}},"line":24},"6":{"name":"(anonymous_6)","decl":{"start":{"line":26,"column":37},"end":{"line":26,"column":38}},"loc":{"start":{"line":26,"column":49},"end":{"line":26,"column":69}},"line":26},"7":{"name":"(anonymous_7)","decl":{"start":{"line":29,"column":1},"end":{"line":29,"column":2}},"loc":{"start":{"line":29,"column":14},"end":{"line":41,"column":2}},"line":29}},"branchMap":{"0":{"loc":{"start":{"line":16,"column":9},"end":{"line":16,"column":51}},"type":"cond-expr","locations":[{"start":{"line":16,"column":22},"end":{"line":16,"column":31}},{"start":{"line":16,"column":34},"end":{"line":16,"column":51}}],"line":16},"1":{"loc":{"start":{"line":36,"column":2},"end":{"line":40,"column":3}},"type":"if","locations":[{"start":{"line":36,"column":2},"end":{"line":40,"column":3}},{"start":{"line":38,"column":9},"end":{"line":40,"column":3}}],"line":36}},"s":{"0":1,"1":1,"2":10,"3":17,"4":3,"5":3,"6":0,"7":2,"8":2,"9":7,"10":7,"11":7,"12":0,"13":1},"f":{"0":1,"1":10,"2":17,"3":3,"4":0,"5":2,"6":2,"7":7},"b":{"0":[1,2],"1":[7,0]},"_coverageSchema":"1a1c01bbd47fc00a2c39e90264f33305004495a9","hash":"5f5c5054d74a4e1b9c7af985dd847fcc8a8ab0b8"}
,"/Users/bthero/Documents/projects/baibolov-temirlan-hs/person.js": {"path":"/Users/bthero/Documents/projects/baibolov-temirlan-hs/person.js","statementMap":{"0":{"start":{"line":3,"column":2},"end":{"line":3,"column":18}},"1":{"start":{"line":4,"column":2},"end":{"line":4,"column":20}},"2":{"start":{"line":7,"column":2},"end":{"line":7,"column":19}},"3":{"start":{"line":10,"column":2},"end":{"line":10,"column":20}},"4":{"start":{"line":13,"column":2},"end":{"line":13,"column":14}},"5":{"start":{"line":17,"column":0},"end":{"line":17,"column":24}}},"fnMap":{"0":{"name":"(anonymous_0)","decl":{"start":{"line":2,"column":1},"end":{"line":2,"column":2}},"loc":{"start":{"line":2,"column":24},"end":{"line":5,"column":2}},"line":2},"1":{"name":"(anonymous_1)","decl":{"start":{"line":6,"column":1},"end":{"line":6,"column":2}},"loc":{"start":{"line":6,"column":11},"end":{"line":8,"column":2}},"line":6},"2":{"name":"(anonymous_2)","decl":{"start":{"line":9,"column":1},"end":{"line":9,"column":2}},"loc":{"start":{"line":9,"column":12},"end":{"line":11,"column":2}},"line":9},"3":{"name":"(anonymous_3)","decl":{"start":{"line":12,"column":1},"end":{"line":12,"column":2}},"loc":{"start":{"line":12,"column":12},"end":{"line":14,"column":2}},"line":12}},"branchMap":{},"s":{"0":12,"1":12,"2":2,"3":27,"4":1,"5":2},"f":{"0":12,"1":2,"2":27,"3":1},"b":{},"_coverageSchema":"1a1c01bbd47fc00a2c39e90264f33305004495a9","hash":"446ef40bb5ff1e8a1f16659db7a7be3a1a7aa9ae"}
}
