TN:
SF:person-service.js
FN:4,(anonymous_0)
FN:8,(anonymous_1)
FN:10,(anonymous_2)
FN:13,(anonymous_3)
FN:19,(anonymous_4)
FN:24,(anonymous_5)
FN:26,(anonymous_6)
FN:29,(anonymous_7)
FNF:8
FNH:7
FNDA:1,(anonymous_0)
FNDA:10,(anonymous_1)
FNDA:17,(anonymous_2)
FNDA:3,(anonymous_3)
FNDA:0,(anonymous_4)
FNDA:2,(anonymous_5)
FNDA:2,(anonymous_6)
FNDA:7,(anonymous_7)
DA:1,1
DA:5,1
DA:10,17
DA:15,3
DA:16,3
DA:21,0
DA:26,2
DA:34,7
DA:36,7
DA:37,7
DA:39,0
DA:44,1
LF:12
LH:10
BRDA:16,0,0,1
BRDA:16,0,1,2
BRDA:36,1,0,7
BRDA:36,1,1,0
BRF:4
BRH:3
end_of_record
TN:
SF:person.js
FN:2,(anonymous_0)
FN:6,(anonymous_1)
FN:9,(anonymous_2)
FN:12,(anonymous_3)
FNF:4
FNH:4
FNDA:12,(anonymous_0)
FNDA:2,(anonymous_1)
FNDA:27,(anonymous_2)
FNDA:1,(anonymous_3)
DA:3,12
DA:4,12
DA:7,2
DA:10,27
DA:13,1
DA:17,2
LF:6
LH:6
BRF:0
BRH:0
end_of_record
